<?xml version="1.0" encoding="UTF-8"?>
<testng-results ignored="0" total="1" passed="1" failed="0" skipped="0">
  <reporter-output>
  </reporter-output>
  <suite started-at="2023-01-10T11:48:48Z" name="Suite" finished-at="2023-01-10T11:50:53Z" duration-ms="125529">
    <groups>
    </groups>
    <test started-at="2023-01-10T11:48:48Z" name="Test" finished-at="2023-01-10T11:50:53Z" duration-ms="125529">
      <class name="com.amazon.Test.amazonTest">
        <test-method is-config="true" signature="initiliseDriver()[pri:0, instance:com.amazon.Test.amazonTest@7a362b6b]" started-at="2023-01-10T17:18:48Z" name="initiliseDriver" finished-at="2023-01-10T17:19:45Z" duration-ms="56903" status="PASS">
          <reporter-output>
          </reporter-output>
        </test-method> <!-- initiliseDriver -->
        <test-method signature="amazonInfo()[pri:0, instance:com.amazon.Test.amazonTest@7a362b6b]" started-at="2023-01-10T17:19:45Z" name="amazonInfo" finished-at="2023-01-10T17:20:53Z" duration-ms="68068" status="PASS">
          <reporter-output>
          </reporter-output>
        </test-method> <!-- amazonInfo -->
      </class> <!-- com.amazon.Test.amazonTest -->
    </test> <!-- Test -->
  </suite> <!-- Suite -->
</testng-results>
